d:\users\patrickbeatbender\documents\github\h17_poo_miniprojet\tp1\tp1\debug\vc140.pdb
d:\users\patrickbeatbender\documents\github\h17_poo_miniprojet\tp1\tp1\debug\vc140.idb
d:\users\patrickbeatbender\documents\github\h17_poo_miniprojet\tp1\tp1\debug\joueurna.obj
d:\users\patrickbeatbender\documents\github\h17_poo_miniprojet\tp1\tp1\debug\liguesoccer.obj
d:\users\patrickbeatbender\documents\github\h17_poo_miniprojet\tp1\tp1\debug\liguesoccerapp.obj
d:\users\patrickbeatbender\documents\github\h17_poo_miniprojet\tp1\tp1\debug\match.obj
d:\users\patrickbeatbender\documents\github\h17_poo_miniprojet\tp1\tp1\debug\negoacheteur.obj
d:\users\patrickbeatbender\documents\github\h17_poo_miniprojet\tp1\tp1\debug\negociateur.obj
d:\users\patrickbeatbender\documents\github\h17_poo_miniprojet\tp1\tp1\debug\negovendeur.obj
d:\users\patrickbeatbender\documents\github\h17_poo_miniprojet\tp1\tp1\debug\palmares.obj
d:\users\patrickbeatbender\documents\github\h17_poo_miniprojet\tp1\tp1\debug\parcours.obj
d:\users\patrickbeatbender\documents\github\h17_poo_miniprojet\tp1\tp1\debug\periode.obj
d:\users\patrickbeatbender\documents\github\h17_poo_miniprojet\tp1\tp1\debug\personne.obj
d:\users\patrickbeatbender\documents\github\h17_poo_miniprojet\tp1\tp1\debug\reglement.obj
d:\users\patrickbeatbender\documents\github\h17_poo_miniprojet\tp1\tp1\debug\rencontre.obj
d:\users\patrickbeatbender\documents\github\h17_poo_miniprojet\tp1\tp1\debug\resultat.obj
d:\users\patrickbeatbender\documents\github\h17_poo_miniprojet\tp1\tp1\debug\rupture.obj
d:\users\patrickbeatbender\documents\github\h17_poo_miniprojet\tp1\tp1\debug\sportif.obj
d:\users\patrickbeatbender\documents\github\h17_poo_miniprojet\tp1\tp1\debug\stade.obj
d:\users\patrickbeatbender\documents\github\h17_poo_miniprojet\tp1\tp1\debug\staff.obj
d:\users\patrickbeatbender\documents\github\h17_poo_miniprojet\tp1\tp1\debug\titregagne.obj
d:\users\patrickbeatbender\documents\github\h17_poo_miniprojet\tp1\tp1\debug\arbitre.obj
d:\users\patrickbeatbender\documents\github\h17_poo_miniprojet\tp1\tp1\debug\club.obj
d:\users\patrickbeatbender\documents\github\h17_poo_miniprojet\tp1\tp1\debug\contrat.obj
d:\users\patrickbeatbender\documents\github\h17_poo_miniprojet\tp1\tp1\debug\date.obj
d:\users\patrickbeatbender\documents\github\h17_poo_miniprojet\tp1\tp1\debug\effectif.obj
d:\users\patrickbeatbender\documents\github\h17_poo_miniprojet\tp1\tp1\debug\entraineur.obj
d:\users\patrickbeatbender\documents\github\h17_poo_miniprojet\tp1\tp1\debug\equipe.obj
d:\users\patrickbeatbender\documents\github\h17_poo_miniprojet\tp1\tp1\debug\joueur.obj
d:\users\patrickbeatbender\documents\github\h17_poo_miniprojet\tp1\tp1\debug\joueura.obj
d:\users\patrickbeatbender\documents\github\h17_poo_miniprojet\tp1\tp1\debug\tp1.tlog\cl.command.1.tlog
d:\users\patrickbeatbender\documents\github\h17_poo_miniprojet\tp1\tp1\debug\tp1.tlog\cl.read.1.tlog
d:\users\patrickbeatbender\documents\github\h17_poo_miniprojet\tp1\tp1\debug\tp1.tlog\cl.write.1.tlog
